d:\work\algospot\alospot\alospot\debug\vc140.pdb
d:\work\algospot\alospot\alospot\debug\vc140.idb
d:\work\algospot\alospot\alospot\debug\festival.obj
d:\work\algospot\alospot\alospot\debug\p148.obj
d:\work\algospot\alospot\alospot\debug\p149_recursive.obj
d:\work\algospot\alospot\alospot\debug\boggle.obj
d:\work\algospot\alospot\alospot\debug\picnic.obj
d:\work\algospot\alospot\alospot\debug\test.obj
d:\work\algospot\alospot\alospot\debug\picnic2.obj
d:\work\algospot\alospot\alospot\debug\demo2.obj
d:\work\algospot\alospot\alospot\debug\demo1.obj
d:\work\algospot\alospot\alospot\debug\q1_openchat.obj
d:\work\algospot\alospot\alospot\debug\q2_failper.obj
d:\work\algospot\alospot\alospot\debug\q3_candikey.obj
d:\work\algospot\alospot\alospot\debug\boardcover.obj
d:\work\algospot\alospot\alospot\debug\travelingsales.obj
d:\work\algospot\alospot\alospot\debug\boardcover2.obj
d:\work\algospot\alospot\alospot\debug\nexondemo1.obj
d:\work\algospot\alospot\alospot\debug\test2.obj
d:\work\algospot\alospot\alospot\debug\q1.obj
d:\work\algospot\alospot\alospot\debug\p4.obj
d:\work\algospot\alospot\alospot\debug\clocksync.obj
d:\work\algospot\alospot\alospot\debug\lv1_kkkjjjwww.obj
d:\work\algospot\alospot\alospot\debug\lv2.obj
d:\work\algospot\alospot\alospot\debug\lv2_baseball.obj
d:\work\algospot\alospot\alospot\debug\lv2_carpet.obj
d:\work\algospot\alospot\alospot\debug\lv2_carpet_신재호.obj
d:\work\algospot\alospot\alospot\debug\lv2_primesearch.obj
d:\work\algospot\alospot\alospot\debug\lv2기계과.obj
d:\work\algospot\alospot\alospot\debug\boardcover_re.obj
d:\work\algospot\alospot\alospot\debug\boggle_re.obj
d:\work\algospot\alospot\alospot\debug\clocksync_re.obj
d:\work\algospot\alospot\alospot\debug\picnic_re.obj
d:\work\algospot\alospot\alospot\debug\fence_re.obj
d:\work\algospot\alospot\alospot\debug\quadtree_decompress.obj
d:\work\algospot\alospot\alospot\debug\test1.obj
d:\work\algospot\alospot\alospot\debug\wildcard.obj
d:\work\algospot\alospot\alospot\debug\p4_foodlive.obj
d:\work\algospot\alospot\alospot\debug\q2.obj
d:\work\algospot\alospot\alospot\debug\q3.obj
d:\work\algospot\alospot\alospot\debug\q4.obj
d:\work\algospot\alospot\alospot\debug\q5.obj
d:\work\algospot\alospot\alospot\debug\q5_1.obj
d:\work\algospot\alospot\alospot\debug\lv2_targetnumber.obj
d:\work\algospot\alospot\alospot\debug\lv1.obj
d:\work\algospot\alospot\alospot\debug\lv1_kjg.obj
d:\work\algospot\alospot\alospot\debug\clocksync2.obj
d:\work\algospot\alospot\alospot\debug\clocksync3.obj
d:\work\algospot\alospot\alospot\debug\fanmeeting.obj
d:\work\algospot\alospot\alospot\debug\fence1.obj
d:\work\algospot\alospot\alospot\debug\fence_divide.obj
d:\work\algospot\alospot\alospot\debug\quadtree.obj
d:\work\algospot\alospot\alospot\debug\quadtree2.obj
d:\work\algospot\alospot\alospot\debug\jumpgame.obj
d:\work\algospot\alospot\debug\alospot.ilk
d:\work\algospot\alospot\debug\alospot.exe
d:\work\algospot\alospot\debug\alospot.pdb
d:\work\algospot\alospot\alospot\debug\alospot.tlog\cl.command.1.tlog
d:\work\algospot\alospot\alospot\debug\alospot.tlog\cl.read.1.tlog
d:\work\algospot\alospot\alospot\debug\alospot.tlog\cl.write.1.tlog
d:\work\algospot\alospot\alospot\debug\alospot.tlog\link-cvtres.read.1.tlog
d:\work\algospot\alospot\alospot\debug\alospot.tlog\link-cvtres.write.1.tlog
d:\work\algospot\alospot\alospot\debug\alospot.tlog\link-rc.read.1.tlog
d:\work\algospot\alospot\alospot\debug\alospot.tlog\link-rc.write.1.tlog
d:\work\algospot\alospot\alospot\debug\alospot.tlog\link.7524-cvtres.read.1.tlog
d:\work\algospot\alospot\alospot\debug\alospot.tlog\link.7524-cvtres.write.1.tlog
d:\work\algospot\alospot\alospot\debug\alospot.tlog\link.7524-rc.read.1.tlog
d:\work\algospot\alospot\alospot\debug\alospot.tlog\link.7524-rc.write.1.tlog
d:\work\algospot\alospot\alospot\debug\alospot.tlog\link.7524.read.1.tlog
d:\work\algospot\alospot\alospot\debug\alospot.tlog\link.7524.write.1.tlog
d:\work\algospot\alospot\alospot\debug\alospot.tlog\link.command.1.tlog
d:\work\algospot\alospot\alospot\debug\alospot.tlog\link.read.1.tlog
d:\work\algospot\alospot\alospot\debug\alospot.tlog\link.write.1.tlog
